
Showing logs for build [32mcb-kubecd-bdd-gh-1597910287-mas-fggxm-1[0m stage [32mfrom-build-pack[0m and container [32mstep-credential-initializer-tlntz[0m
{"level":"info","ts":1597910785.603029,"logger":"fallback-logger","caller":"logging/config.go:69","msg":"Fetch GitHub commit ID from kodata failed: open /var/run/ko/refs/heads/0.8.0-ns-support: no such file or directory"}
{"level":"info","ts":1597910785.606233,"logger":"fallback-logger","caller":"creds-init/main.go:40","msg":"Credentials initialized."}

Showing logs for build [32mcb-kubecd-bdd-gh-1597910287-mas-fggxm-1[0m stage [32mfrom-build-pack[0m and container [32mstep-working-dir-initializer-hxlwz[0m
{"level":"info","ts":1597910786.175467,"logger":"fallback-logger","caller":"logging/config.go:69","msg":"Fetch GitHub commit ID from kodata failed: open /var/run/ko/HEAD: no such file or directory"}
{"level":"info","ts":1597910786.1777208,"logger":"fallback-logger","caller":"bash/main.go:64","msg":"Successfully executed command \"sh -c mkdir -p /workspace/source\"; output "}

Showing logs for build [32mcb-kubecd-bdd-gh-1597910287-mas-fggxm-1[0m stage [32mfrom-build-pack[0m and container [32mstep-place-tools[0m

Showing logs for build [32mcb-kubecd-bdd-gh-1597910287-mas-fggxm-1[0m stage [32mfrom-build-pack[0m and container [32mstep-git-source-cb-kubecd-bdd-gh-1597910287-mas-fggxm-rr5b9[0m
{"level":"info","ts":1597910817.3356118,"logger":"fallback-logger","caller":"logging/config.go:69","msg":"Fetch GitHub commit ID from kodata failed: open /var/run/ko/refs/heads/0.8.0-ns-support: no such file or directory"}
{"level":"info","ts":1597910818.4920216,"logger":"fallback-logger","caller":"git/git.go:103","msg":"Successfully cloned https://github.com/cb-kubecd/bdd-gh-1597910287.git @ v0.0.2 in path /workspace/source"}

Showing logs for build [32mcb-kubecd-bdd-gh-1597910287-mas-fggxm-1[0m stage [32mfrom-build-pack[0m and container [32mstep-setup-builder-home[0m

Showing logs for build [32mcb-kubecd-bdd-gh-1597910287-mas-fggxm-1[0m stage [32mfrom-build-pack[0m and container [32mstep-git-merge[0m
Using SHAs from PULL_REFS=master:
WARNING: no SHAs to merge, falling back to initial cloned commit

Showing logs for build [32mcb-kubecd-bdd-gh-1597910287-mas-fggxm-1[0m stage [32mfrom-build-pack[0m and container [32mstep-setup-jx-git-credentials[0m
Generated Git credentials file /workspace/xdg_config/git/credentials

Showing logs for build [32mcb-kubecd-bdd-gh-1597910287-mas-fggxm-1[0m stage [32mfrom-build-pack[0m and container [32mstep-build-make-build[0m
CGO_ENABLED=0 GO15VENDOREXPERIMENT=1 go build -ldflags '' -o bin/bdd-gh-1597910287 main.go

Showing logs for build [32mcb-kubecd-bdd-gh-1597910287-mas-fggxm-1[0m stage [32mfrom-build-pack[0m and container [32mstep-build-container-build[0m
ERROR: logging before flag.Parse: E0820 08:07:04.847836      10 metadata.go:241] Failed to unmarshal scopes: json: cannot unmarshal string into Go value of type []string
[36mINFO[0m[0000] Resolved base name scratch to scratch        
[36mINFO[0m[0000] Using dockerignore file: /workspace/source/.dockerignore 
[36mINFO[0m[0000] Resolved base name scratch to scratch        
[36mINFO[0m[0000] Built cross stage deps: map[]                
[36mINFO[0m[0000] No base image, nothing to extract            
[36mINFO[0m[0000] cmd: EXPOSE                                  
[36mINFO[0m[0000] Adding exposed port: 8080/tcp                
[36mINFO[0m[0000] Checking for cached layer gcr.io/jenkins-x-labs-bdd/cache:0d76fe31c1f1f6a70f0ffd389ce995adba6c7b37035a195425453a86ec3f1172... 
[36mINFO[0m[0001] No cached layer found for cmd COPY ./bin/ /  
[36mINFO[0m[0001] Unpacking rootfs as cmd COPY ./bin/ / requires it. 
[36mINFO[0m[0001] Taking snapshot of full filesystem...        
[36mINFO[0m[0001] Resolving paths                              
[36mINFO[0m[0001] EXPOSE 8080                                  
[36mINFO[0m[0001] cmd: EXPOSE                                  
[36mINFO[0m[0001] Adding exposed port: 8080/tcp                
[36mINFO[0m[0001] No files changed in this command, skipping snapshotting. 
[36mINFO[0m[0001] ENTRYPOINT ["/bdd-gh-1597910287"]            
[36mINFO[0m[0001] No files changed in this command, skipping snapshotting. 
[36mINFO[0m[0001] COPY ./bin/ /                                
[36mINFO[0m[0001] Resolving paths                              
[36mINFO[0m[0001] Taking snapshot of files...                  
[36mINFO[0m[0001] Pushing layer gcr.io/jenkins-x-labs-bdd/cache:0d76fe31c1f1f6a70f0ffd389ce995adba6c7b37035a195425453a86ec3f1172 to cache now 

Showing logs for build [32mcb-kubecd-bdd-gh-1597910287-mas-fggxm-1[0m stage [32mfrom-build-pack[0m and container [32mstep-promote-changelog[0m
Converted /workspace/source/charts/bdd-gh-1597910287 to an unshallow repository
Generating change log from git ref 9376c967421a2bd543010c5d5522d79bced4a904 => a3f194fa40f69e023a52c5d2621e224f20e5035d
Associating user x-0 in users.jenkins.io with email jenkins-x@googlegroups.com to git GitProvider user with login -0 as emails match
Adding label jenkins.io/git-github-userid=-0 to user x-0 in users.jenkins.io
WARNING: Failed to enrich commit e80c48de9176e7b0d53b5b4a0547ea989ab7584a with issues: User.jenkins.io "x-0" is invalid: metadata.labels: Invalid value: "-0": a valid label must be an empty string or consist of alphanumeric characters, '-', '_' or '.', and must start and end with an alphanumeric character (e.g. 'MyValue',  or 'my_value',  or '12345', regex used for validation is '(([A-Za-z0-9][-A-Za-z0-9_.]*)?[A-Za-z0-9])?')
Finding issues in commit messages using git format
WARNING: No release found for cb-kubecd/bdd-gh-1597910287 and tag v0.0.2 so creating a new release
Updated the release information at https://github.com/cb-kubecd/bdd-gh-1597910287/releases/tag/v0.0.2
generated: /workspace/source/charts/bdd-gh-1597910287/templates/release.yaml
Created Release bdd-gh-1597910287-0-0-2 resource in namespace **
Updating PipelineActivity cb-kubecd-bdd-gh-1597910287-master-1 with version 0.0.2
Updated PipelineActivities cb-kubecd-bdd-gh-1597910287-master-1 with release notes URL: https://github.com/cb-kubecd/bdd-gh-1597910287/releases/tag/v0.0.2

Showing logs for build [32mcb-kubecd-bdd-gh-1597910287-mas-fggxm-1[0m stage [32mfrom-build-pack[0m and container [32mstep-promote-helm-release[0m
WARNING: No $CHART_REPOSITORY defined so using the default value of: http://jenkins-x-chartmuseum:8080
Adding missing Helm repo: storage.googleapis.com https://storage.googleapis.com/chartmuseum.jenkins-x.io
Successfully added Helm repository storage.googleapis.com.
Adding missing Helm repo: jenkins-x-chartmuseum http://jenkins-x-chartmuseum:8080
Successfully added Helm repository jenkins-x-chartmuseum.
WARNING: No $CHART_REPOSITORY defined so using the default value of: http://jenkins-x-chartmuseum:8080
Uploading chart file bdd-gh-1597910287-0.0.2.tgz to http://jenkins-x-chartmuseum:8080/api/charts
Received 201 response: {"saved":true}

Showing logs for build [32mcb-kubecd-bdd-gh-1597910287-mas-fggxm-1[0m stage [32mfrom-build-pack[0m and container [32mstep-promote-jx-promote[0m
defaulting to the version 0.0.2 from $VERSION
loading version stream URL https://github.com/jenkins-x-bot-test/**r-versions.git ref 659407343563c98e0caabe9bf6b1750e81e39cbe
checking out ref 659407343563c98e0caabe9bf6b1750e81e39cbe
running command: git config --global credential.helper store
WARNING: prow based install so skip waiting for the merge of Pull Requests to go green as currently there is an issue with gettingstatuses from the PR, see https://github.com/jenkins-x/**/issues/2410
Promoting app bdd-gh-1597910287 version 0.0.2 to namespace **-staging
running command: git clone ******************************************************.git **-promote-908214767
Cloning into '**-promote-908214767'...
cloned ******************************************************.git to /tmp/**-promote-908214767
created Pull Request ******************************************************/pull/2 from dir /tmp/**-promote-908214767
The build for the Pull Request last commit is currently in progress.
The build for the Pull Request last commit is currently in progress.
The build for the Pull Request last commit is currently in progress.
The build for the Pull Request last commit is currently in progress.
The build for the Pull Request last commit is currently in progress.
The build for the Pull Request last commit is currently in progress.
The build for the Pull Request last commit is currently in progress.
The build for the Pull Request last commit is currently in progress.
The build for the Pull Request last commit is currently in progress.
The build for the Pull Request last commit is currently in progress.
The build for the Pull Request last commit is currently in progress.
Pull Request ******************************************************/pull/2 is merged at sha c9a2f5c7122a545b50a148e8cbb18877c5ec0dc8
Pull Request merged but we are not waiting for the update pipeline to complete!
WARNING: Could not find the service URL in namespace **-staging for names bdd-gh-1597910287, **-bdd-gh-1597910287, **-staging-bdd-gh-1597910287
